{"E:\\Hacktiv\\Phase 3\\grad projects\\cashierApp\\server\\app.js": {"path":"E:\\Hacktiv\\Phase 3\\grad projects\\cashierApp\\server\\app.js","statementMap":{"0":{"start":{"line":1,"column":16},"end":{"line":1,"column":34}},"1":{"start":{"line":2,"column":18},"end":{"line":2,"column":37}},"2":{"start":{"line":3,"column":12},"end":{"line":3,"column":21}},"3":{"start":{"line":4,"column":15},"end":{"line":4,"column":34}},"4":{"start":{"line":5,"column":0},"end":{"line":5,"column":24}},"5":{"start":{"line":6,"column":0},"end":{"line":6,"column":48}},"6":{"start":{"line":8,"column":0},"end":{"line":8,"column":16}},"7":{"start":{"line":9,"column":0},"end":{"line":9,"column":12}},"8":{"start":{"line":11,"column":0},"end":{"line":11,"column":21}}},"fnMap":{},"branchMap":{},"s":{"0":1,"1":1,"2":1,"3":1,"4":1,"5":1,"6":1,"7":1,"8":1},"f":{},"b":{},"_coverageSchema":"1a1c01bbd47fc00a2c39e90264f33305004495a9","hash":"3ee1de0b0b891211fb15758b4fa936fa64b2dabc"}
,"E:\\Hacktiv\\Phase 3\\grad projects\\cashierApp\\server\\config\\index.js": {"path":"E:\\Hacktiv\\Phase 3\\grad projects\\cashierApp\\server\\config\\index.js","statementMap":{"0":{"start":{"line":1,"column":17},"end":{"line":1,"column":36}},"1":{"start":{"line":2,"column":12},"end":{"line":2,"column":14}},"2":{"start":{"line":4,"column":18},"end":{"line":16,"column":1}},"3":{"start":{"line":5,"column":2},"end":{"line":15,"column":3}},"4":{"start":{"line":6,"column":4},"end":{"line":11,"column":7}},"5":{"start":{"line":18,"column":0},"end":{"line":18,"column":27}}},"fnMap":{"0":{"name":"(anonymous_0)","decl":{"start":{"line":4,"column":18},"end":{"line":4,"column":19}},"loc":{"start":{"line":4,"column":30},"end":{"line":16,"column":1}},"line":4}},"branchMap":{},"s":{"0":1,"1":1,"2":1,"3":1,"4":1,"5":1},"f":{"0":1},"b":{},"_coverageSchema":"1a1c01bbd47fc00a2c39e90264f33305004495a9","hash":"3b0af67a4f870653dc031771d5de222f963e4243"}
,"E:\\Hacktiv\\Phase 3\\grad projects\\cashierApp\\server\\controller\\userController.js": {"path":"E:\\Hacktiv\\Phase 3\\grad projects\\cashierApp\\server\\controller\\userController.js","statementMap":{"0":{"start":{"line":1,"column":13},"end":{"line":1,"column":37}},"1":{"start":{"line":2,"column":15},"end":{"line":2,"column":34}},"2":{"start":{"line":3,"column":12},"end":{"line":3,"column":35}},"3":{"start":{"line":6,"column":32},"end":{"line":6,"column":40}},"4":{"start":{"line":7,"column":4},"end":{"line":9,"column":5}},"5":{"start":{"line":8,"column":6},"end":{"line":8,"column":77}},"6":{"start":{"line":10,"column":4},"end":{"line":29,"column":5}},"7":{"start":{"line":11,"column":17},"end":{"line":11,"column":46}},"8":{"start":{"line":12,"column":6},"end":{"line":25,"column":7}},"9":{"start":{"line":14,"column":8},"end":{"line":14,"column":72}},"10":{"start":{"line":16,"column":8},"end":{"line":19,"column":11}},"11":{"start":{"line":21,"column":21},"end":{"line":21,"column":45}},"12":{"start":{"line":22,"column":8},"end":{"line":22,"column":63}},"13":{"start":{"line":23,"column":8},"end":{"line":23,"column":26}},"14":{"start":{"line":24,"column":8},"end":{"line":24,"column":69}},"15":{"start":{"line":32,"column":43},"end":{"line":32,"column":51}},"16":{"start":{"line":33,"column":4},"end":{"line":58,"column":5}},"17":{"start":{"line":34,"column":17},"end":{"line":34,"column":46}},"18":{"start":{"line":35,"column":6},"end":{"line":54,"column":7}},"19":{"start":{"line":36,"column":8},"end":{"line":51,"column":9}},"20":{"start":{"line":37,"column":26},"end":{"line":42,"column":11}},"21":{"start":{"line":43,"column":10},"end":{"line":48,"column":13}},"22":{"start":{"line":50,"column":10},"end":{"line":50,"column":72}},"23":{"start":{"line":53,"column":8},"end":{"line":53,"column":70}},"24":{"start":{"line":62,"column":0},"end":{"line":62,"column":28}}},"fnMap":{"0":{"name":"(anonymous_0)","decl":{"start":{"line":5,"column":2},"end":{"line":5,"column":3}},"loc":{"start":{"line":5,"column":34},"end":{"line":30,"column":3}},"line":5},"1":{"name":"(anonymous_1)","decl":{"start":{"line":31,"column":2},"end":{"line":31,"column":3}},"loc":{"start":{"line":31,"column":31},"end":{"line":59,"column":3}},"line":31},"2":{"name":"(anonymous_2)","decl":{"start":{"line":43,"column":60},"end":{"line":43,"column":61}},"loc":{"start":{"line":43,"column":76},"end":{"line":48,"column":11}},"line":43}},"branchMap":{"0":{"loc":{"start":{"line":7,"column":4},"end":{"line":9,"column":5}},"type":"if","locations":[{"start":{"line":7,"column":4},"end":{"line":9,"column":5}},{"start":{"line":7,"column":4},"end":{"line":9,"column":5}}],"line":7},"1":{"loc":{"start":{"line":7,"column":8},"end":{"line":7,"column":27}},"type":"binary-expr","locations":[{"start":{"line":7,"column":8},"end":{"line":7,"column":14}},{"start":{"line":7,"column":18},"end":{"line":7,"column":27}}],"line":7},"2":{"loc":{"start":{"line":12,"column":6},"end":{"line":25,"column":7}},"type":"if","locations":[{"start":{"line":12,"column":6},"end":{"line":25,"column":7}},{"start":{"line":12,"column":6},"end":{"line":25,"column":7}}],"line":12},"3":{"loc":{"start":{"line":35,"column":6},"end":{"line":54,"column":7}},"type":"if","locations":[{"start":{"line":35,"column":6},"end":{"line":54,"column":7}},{"start":{"line":35,"column":6},"end":{"line":54,"column":7}}],"line":35},"4":{"loc":{"start":{"line":36,"column":8},"end":{"line":51,"column":9}},"type":"if","locations":[{"start":{"line":36,"column":8},"end":{"line":51,"column":9}},{"start":{"line":36,"column":8},"end":{"line":51,"column":9}}],"line":36}},"s":{"0":1,"1":1,"2":1,"3":3,"4":3,"5":1,"6":2,"7":2,"8":2,"9":1,"10":1,"11":1,"12":1,"13":1,"14":1,"15":3,"16":3,"17":3,"18":3,"19":2,"20":1,"21":1,"22":1,"23":1,"24":1},"f":{"0":3,"1":3,"2":1},"b":{"0":[1,2],"1":[3,2],"2":[1,1],"3":[2,1],"4":[1,1]},"_coverageSchema":"1a1c01bbd47fc00a2c39e90264f33305004495a9","hash":"c77a1e7514a83410ebaf31494cfc5b60371ba83c"}
,"E:\\Hacktiv\\Phase 3\\grad projects\\cashierApp\\server\\model\\User.js": {"path":"E:\\Hacktiv\\Phase 3\\grad projects\\cashierApp\\server\\model\\User.js","statementMap":{"0":{"start":{"line":1,"column":17},"end":{"line":1,"column":36}},"1":{"start":{"line":2,"column":19},"end":{"line":16,"column":2}},"2":{"start":{"line":18,"column":0},"end":{"line":18,"column":59}}},"fnMap":{},"branchMap":{},"s":{"0":1,"1":1,"2":1},"f":{},"b":{},"_coverageSchema":"1a1c01bbd47fc00a2c39e90264f33305004495a9","hash":"5761b71efe725494055263035e78551d85fca89f"}
,"E:\\Hacktiv\\Phase 3\\grad projects\\cashierApp\\server\\routes\\index.js": {"path":"E:\\Hacktiv\\Phase 3\\grad projects\\cashierApp\\server\\routes\\index.js","statementMap":{"0":{"start":{"line":1,"column":15},"end":{"line":1,"column":42}},"1":{"start":{"line":2,"column":25},"end":{"line":2,"column":54}},"2":{"start":{"line":3,"column":31},"end":{"line":3,"column":66}},"3":{"start":{"line":4,"column":20},"end":{"line":4,"column":44}},"4":{"start":{"line":5,"column":25},"end":{"line":5,"column":54}},"5":{"start":{"line":6,"column":19},"end":{"line":6,"column":42}},"6":{"start":{"line":12,"column":0},"end":{"line":12,"column":32}},"7":{"start":{"line":14,"column":0},"end":{"line":14,"column":24}}},"fnMap":{},"branchMap":{},"s":{"0":1,"1":1,"2":1,"3":1,"4":1,"5":1,"6":1,"7":1},"f":{},"b":{},"_coverageSchema":"1a1c01bbd47fc00a2c39e90264f33305004495a9","hash":"0f7fec244f5c33dfafcb5b7623a923df55a56831"}
,"E:\\Hacktiv\\Phase 3\\grad projects\\cashierApp\\server\\routes\\routerCategories.js": {"path":"E:\\Hacktiv\\Phase 3\\grad projects\\cashierApp\\server\\routes\\routerCategories.js","statementMap":{},"fnMap":{},"branchMap":{},"s":{},"f":{},"b":{},"_coverageSchema":"1a1c01bbd47fc00a2c39e90264f33305004495a9","hash":"afa32f4a0486e73b5d193e502dc92919965e61bc"}
,"E:\\Hacktiv\\Phase 3\\grad projects\\cashierApp\\server\\routes\\routerSales.js": {"path":"E:\\Hacktiv\\Phase 3\\grad projects\\cashierApp\\server\\routes\\routerSales.js","statementMap":{},"fnMap":{},"branchMap":{},"s":{},"f":{},"b":{},"_coverageSchema":"1a1c01bbd47fc00a2c39e90264f33305004495a9","hash":"621fb5f3c031f01bdd8565ff4be39954b4430940"}
,"E:\\Hacktiv\\Phase 3\\grad projects\\cashierApp\\server\\routes\\routerStockIngredients.js": {"path":"E:\\Hacktiv\\Phase 3\\grad projects\\cashierApp\\server\\routes\\routerStockIngredients.js","statementMap":{},"fnMap":{},"branchMap":{},"s":{},"f":{},"b":{},"_coverageSchema":"1a1c01bbd47fc00a2c39e90264f33305004495a9","hash":"c7a53963f75134e42f5fd309f536fee27d469d65"}
,"E:\\Hacktiv\\Phase 3\\grad projects\\cashierApp\\server\\routes\\routerStockItems.js": {"path":"E:\\Hacktiv\\Phase 3\\grad projects\\cashierApp\\server\\routes\\routerStockItems.js","statementMap":{},"fnMap":{},"branchMap":{},"s":{},"f":{},"b":{},"_coverageSchema":"1a1c01bbd47fc00a2c39e90264f33305004495a9","hash":"c3ff438ce3c5e71d3138ba0e5206ea36edb23879"}
,"E:\\Hacktiv\\Phase 3\\grad projects\\cashierApp\\server\\routes\\routerUser.js": {"path":"E:\\Hacktiv\\Phase 3\\grad projects\\cashierApp\\server\\routes\\routerUser.js","statementMap":{"0":{"start":{"line":1,"column":15},"end":{"line":1,"column":42}},"1":{"start":{"line":2,"column":19},"end":{"line":2,"column":58}},"2":{"start":{"line":3,"column":0},"end":{"line":3,"column":40}},"3":{"start":{"line":4,"column":0},"end":{"line":4,"column":38}},"4":{"start":{"line":6,"column":0},"end":{"line":6,"column":24}}},"fnMap":{},"branchMap":{},"s":{"0":1,"1":1,"2":1,"3":1,"4":1},"f":{},"b":{},"_coverageSchema":"1a1c01bbd47fc00a2c39e90264f33305004495a9","hash":"e6b35f6272fff7a5fd50a04c4f4fa5b4a48b7100"}
}
